2017-02-09 11:16:27 0[main] [INFO] - org.springframework.beans.factory.xml.XmlBeanDefinitionReader -org.springframework.beans.factory.xml.XmlBeanDefinitionReader.loadBeanDefinitions(XmlBeanDefinitionReader.java:316) -Loading XML bean definitions from class path resource [applicationContext.xml]
2017-02-09 11:16:28 328[main] [INFO] - org.springframework.context.support.GenericApplicationContext -org.springframework.context.support.AbstractApplicationContext.prepareRefresh(AbstractApplicationContext.java:515) -Refreshing org.springframework.context.support.GenericApplicationContext@4e88151c: startup date [Thu Feb 09 11:16:28 CST 2017]; root of context hierarchy
2017-02-09 11:16:29 1214[main] [INFO] - org.elasticsearch.plugins -org.elasticsearch.plugins.PluginsService.<init>(PluginsService.java:151) -[Auric] loaded [], sites []
2017-02-09 11:16:29 1977[Thread-1] [INFO] - org.springframework.context.support.GenericApplicationContext -org.springframework.context.support.AbstractApplicationContext.doClose(AbstractApplicationContext.java:875) -Closing org.springframework.context.support.GenericApplicationContext@4e88151c: startup date [Thu Feb 09 11:16:28 CST 2017]; root of context hierarchy
2017-02-09 11:16:46 0[main] [INFO] - org.springframework.beans.factory.xml.XmlBeanDefinitionReader -org.springframework.beans.factory.xml.XmlBeanDefinitionReader.loadBeanDefinitions(XmlBeanDefinitionReader.java:316) -Loading XML bean definitions from class path resource [applicationContext.xml]
2017-02-09 11:16:46 297[main] [INFO] - org.springframework.context.support.GenericApplicationContext -org.springframework.context.support.AbstractApplicationContext.prepareRefresh(AbstractApplicationContext.java:515) -Refreshing org.springframework.context.support.GenericApplicationContext@c3b626c: startup date [Thu Feb 09 11:16:46 CST 2017]; root of context hierarchy
2017-02-09 11:16:47 1211[main] [INFO] - org.elasticsearch.plugins -org.elasticsearch.plugins.PluginsService.<init>(PluginsService.java:151) -[Ripfire] loaded [], sites []
2017-02-09 11:16:48 1774[Thread-1] [INFO] - org.springframework.context.support.GenericApplicationContext -org.springframework.context.support.AbstractApplicationContext.doClose(AbstractApplicationContext.java:875) -Closing org.springframework.context.support.GenericApplicationContext@c3b626c: startup date [Thu Feb 09 11:16:46 CST 2017]; root of context hierarchy
2017-02-09 11:19:57 0[main] [INFO] - org.springframework.beans.factory.xml.XmlBeanDefinitionReader -org.springframework.beans.factory.xml.XmlBeanDefinitionReader.loadBeanDefinitions(XmlBeanDefinitionReader.java:316) -Loading XML bean definitions from class path resource [applicationContext.xml]
2017-02-09 11:19:57 300[main] [INFO] - org.springframework.context.support.GenericApplicationContext -org.springframework.context.support.AbstractApplicationContext.prepareRefresh(AbstractApplicationContext.java:515) -Refreshing org.springframework.context.support.GenericApplicationContext@c3b626c: startup date [Thu Feb 09 11:19:57 CST 2017]; root of context hierarchy
2017-02-09 11:19:58 1100[main] [INFO] - org.elasticsearch.plugins -org.elasticsearch.plugins.PluginsService.<init>(PluginsService.java:151) -[USAgent] loaded [], sites []
2017-02-09 11:19:58 1699[Thread-1] [INFO] - org.springframework.context.support.GenericApplicationContext -org.springframework.context.support.AbstractApplicationContext.doClose(AbstractApplicationContext.java:875) -Closing org.springframework.context.support.GenericApplicationContext@c3b626c: startup date [Thu Feb 09 11:19:57 CST 2017]; root of context hierarchy
2017-02-09 11:22:12 0[main] [INFO] - org.springframework.beans.factory.xml.XmlBeanDefinitionReader -org.springframework.beans.factory.xml.XmlBeanDefinitionReader.loadBeanDefinitions(XmlBeanDefinitionReader.java:316) -Loading XML bean definitions from class path resource [applicationContext.xml]
2017-02-09 11:22:13 296[main] [INFO] - org.springframework.context.support.GenericApplicationContext -org.springframework.context.support.AbstractApplicationContext.prepareRefresh(AbstractApplicationContext.java:515) -Refreshing org.springframework.context.support.GenericApplicationContext@c3b626c: startup date [Thu Feb 09 11:22:13 CST 2017]; root of context hierarchy
2017-02-09 11:22:13 1084[main] [INFO] - org.elasticsearch.plugins -org.elasticsearch.plugins.PluginsService.<init>(PluginsService.java:151) -[Vengeance] loaded [], sites []
2017-02-09 11:22:14 1751[Thread-1] [INFO] - org.springframework.context.support.GenericApplicationContext -org.springframework.context.support.AbstractApplicationContext.doClose(AbstractApplicationContext.java:875) -Closing org.springframework.context.support.GenericApplicationContext@c3b626c: startup date [Thu Feb 09 11:22:13 CST 2017]; root of context hierarchy
2017-02-09 11:25:23 0[main] [INFO] - org.springframework.beans.factory.xml.XmlBeanDefinitionReader -org.springframework.beans.factory.xml.XmlBeanDefinitionReader.loadBeanDefinitions(XmlBeanDefinitionReader.java:316) -Loading XML bean definitions from class path resource [applicationContext.xml]
2017-02-09 11:25:23 276[main] [INFO] - org.springframework.context.support.GenericApplicationContext -org.springframework.context.support.AbstractApplicationContext.prepareRefresh(AbstractApplicationContext.java:515) -Refreshing org.springframework.context.support.GenericApplicationContext@c3b626c: startup date [Thu Feb 09 11:25:23 CST 2017]; root of context hierarchy
2017-02-09 11:25:24 1067[main] [INFO] - org.elasticsearch.plugins -org.elasticsearch.plugins.PluginsService.<init>(PluginsService.java:151) -[Cassiopea] loaded [], sites []
2017-02-09 11:25:24 1650[Thread-1] [INFO] - org.springframework.context.support.GenericApplicationContext -org.springframework.context.support.AbstractApplicationContext.doClose(AbstractApplicationContext.java:875) -Closing org.springframework.context.support.GenericApplicationContext@c3b626c: startup date [Thu Feb 09 11:25:23 CST 2017]; root of context hierarchy
2017-02-09 11:28:17 0[main] [INFO] - org.springframework.beans.factory.xml.XmlBeanDefinitionReader -org.springframework.beans.factory.xml.XmlBeanDefinitionReader.loadBeanDefinitions(XmlBeanDefinitionReader.java:316) -Loading XML bean definitions from class path resource [applicationContext.xml]
2017-02-09 11:28:18 279[main] [INFO] - org.springframework.context.support.GenericApplicationContext -org.springframework.context.support.AbstractApplicationContext.prepareRefresh(AbstractApplicationContext.java:515) -Refreshing org.springframework.context.support.GenericApplicationContext@4e88151c: startup date [Thu Feb 09 11:28:18 CST 2017]; root of context hierarchy
2017-02-09 11:28:18 647[main] [INFO] - org.springframework.beans.factory.config.PropertiesFactoryBean -org.springframework.core.io.support.PropertiesLoaderSupport.loadProperties(PropertiesLoaderSupport.java:172) -Loading properties file from class path resource [classpath*:ES.properties]
2017-02-09 11:28:18 679[main] [INFO] - org.springframework.beans.factory.xml.XmlBeanDefinitionReader -org.springframework.beans.factory.xml.XmlBeanDefinitionReader.loadBeanDefinitions(XmlBeanDefinitionReader.java:316) -Loading XML bean definitions from class path resource [applicationContext.xml]
2017-02-09 11:28:18 753[main] [INFO] - org.springframework.context.support.GenericApplicationContext -org.springframework.context.support.AbstractApplicationContext.prepareRefresh(AbstractApplicationContext.java:515) -Refreshing org.springframework.context.support.GenericApplicationContext@3f511d13: startup date [Thu Feb 09 11:28:18 CST 2017]; root of context hierarchy
2017-02-09 11:28:18 793[main] [INFO] - org.springframework.beans.factory.config.PropertiesFactoryBean -org.springframework.core.io.support.PropertiesLoaderSupport.loadProperties(PropertiesLoaderSupport.java:172) -Loading properties file from class path resource [classpath*:ES.properties]
2017-02-09 11:29:31 0[main] [INFO] - org.springframework.beans.factory.xml.XmlBeanDefinitionReader -org.springframework.beans.factory.xml.XmlBeanDefinitionReader.loadBeanDefinitions(XmlBeanDefinitionReader.java:316) -Loading XML bean definitions from class path resource [applicationContext.xml]
2017-02-09 11:29:32 285[main] [INFO] - org.springframework.context.support.GenericApplicationContext -org.springframework.context.support.AbstractApplicationContext.prepareRefresh(AbstractApplicationContext.java:515) -Refreshing org.springframework.context.support.GenericApplicationContext@4e88151c: startup date [Thu Feb 09 11:29:32 CST 2017]; root of context hierarchy
2017-02-09 11:29:32 684[main] [INFO] - org.springframework.beans.factory.config.PropertiesFactoryBean -org.springframework.core.io.support.PropertiesLoaderSupport.loadProperties(PropertiesLoaderSupport.java:172) -Loading properties file from class path resource [ES.properties]
2017-02-09 11:29:32 1102[main] [INFO] - org.elasticsearch.plugins -org.elasticsearch.plugins.PluginsService.<init>(PluginsService.java:151) -[Speedball] loaded [], sites []
2017-02-09 11:29:33 1726[Thread-1] [INFO] - org.springframework.context.support.GenericApplicationContext -org.springframework.context.support.AbstractApplicationContext.doClose(AbstractApplicationContext.java:875) -Closing org.springframework.context.support.GenericApplicationContext@4e88151c: startup date [Thu Feb 09 11:29:32 CST 2017]; root of context hierarchy
2017-02-09 11:33:17 0[main] [INFO] - org.springframework.beans.factory.xml.XmlBeanDefinitionReader -org.springframework.beans.factory.xml.XmlBeanDefinitionReader.loadBeanDefinitions(XmlBeanDefinitionReader.java:316) -Loading XML bean definitions from class path resource [applicationContext.xml]
2017-02-09 11:33:17 280[main] [INFO] - org.springframework.context.support.GenericApplicationContext -org.springframework.context.support.AbstractApplicationContext.prepareRefresh(AbstractApplicationContext.java:515) -Refreshing org.springframework.context.support.GenericApplicationContext@4e88151c: startup date [Thu Feb 09 11:33:17 CST 2017]; root of context hierarchy
2017-02-09 11:33:18 659[main] [INFO] - org.springframework.beans.factory.config.PropertiesFactoryBean -org.springframework.core.io.support.PropertiesLoaderSupport.loadProperties(PropertiesLoaderSupport.java:172) -Loading properties file from class path resource [ES.properties]
2017-02-09 11:33:18 1065[main] [INFO] - org.elasticsearch.plugins -org.elasticsearch.plugins.PluginsService.<init>(PluginsService.java:151) -[Bob Diamond] loaded [], sites []
2017-02-09 11:33:19 2021[Thread-1] [INFO] - org.springframework.context.support.GenericApplicationContext -org.springframework.context.support.AbstractApplicationContext.doClose(AbstractApplicationContext.java:875) -Closing org.springframework.context.support.GenericApplicationContext@4e88151c: startup date [Thu Feb 09 11:33:17 CST 2017]; root of context hierarchy
2017-02-09 11:35:35 0[main] [INFO] - org.springframework.beans.factory.xml.XmlBeanDefinitionReader -org.springframework.beans.factory.xml.XmlBeanDefinitionReader.loadBeanDefinitions(XmlBeanDefinitionReader.java:316) -Loading XML bean definitions from class path resource [applicationContext.xml]
2017-02-09 11:35:35 264[main] [INFO] - org.springframework.context.support.GenericApplicationContext -org.springframework.context.support.AbstractApplicationContext.prepareRefresh(AbstractApplicationContext.java:515) -Refreshing org.springframework.context.support.GenericApplicationContext@4e88151c: startup date [Thu Feb 09 11:35:35 CST 2017]; root of context hierarchy
2017-02-09 11:35:36 621[main] [INFO] - org.springframework.beans.factory.config.PropertiesFactoryBean -org.springframework.core.io.support.PropertiesLoaderSupport.loadProperties(PropertiesLoaderSupport.java:172) -Loading properties file from class path resource [ES.properties]
2017-02-09 11:35:36 1046[main] [INFO] - org.elasticsearch.plugins -org.elasticsearch.plugins.PluginsService.<init>(PluginsService.java:151) -[Doorman] loaded [], sites []
2017-02-09 11:35:38 2688[Thread-1] [INFO] - org.springframework.context.support.GenericApplicationContext -org.springframework.context.support.AbstractApplicationContext.doClose(AbstractApplicationContext.java:875) -Closing org.springframework.context.support.GenericApplicationContext@4e88151c: startup date [Thu Feb 09 11:35:35 CST 2017]; root of context hierarchy
2017-02-09 11:37:07 0[main] [INFO] - org.springframework.beans.factory.xml.XmlBeanDefinitionReader -org.springframework.beans.factory.xml.XmlBeanDefinitionReader.loadBeanDefinitions(XmlBeanDefinitionReader.java:316) -Loading XML bean definitions from class path resource [applicationContext.xml]
2017-02-09 11:37:08 271[main] [INFO] - org.springframework.context.support.GenericApplicationContext -org.springframework.context.support.AbstractApplicationContext.prepareRefresh(AbstractApplicationContext.java:515) -Refreshing org.springframework.context.support.GenericApplicationContext@4e88151c: startup date [Thu Feb 09 11:37:08 CST 2017]; root of context hierarchy
2017-02-09 11:37:08 624[main] [INFO] - org.springframework.beans.factory.config.PropertiesFactoryBean -org.springframework.core.io.support.PropertiesLoaderSupport.loadProperties(PropertiesLoaderSupport.java:172) -Loading properties file from class path resource [ES.properties]
2017-02-09 11:37:08 1036[main] [INFO] - org.elasticsearch.plugins -org.elasticsearch.plugins.PluginsService.<init>(PluginsService.java:151) -[Mister Hyde] loaded [], sites []
2017-02-09 11:37:09 1811[Thread-1] [INFO] - org.springframework.context.support.GenericApplicationContext -org.springframework.context.support.AbstractApplicationContext.doClose(AbstractApplicationContext.java:875) -Closing org.springframework.context.support.GenericApplicationContext@4e88151c: startup date [Thu Feb 09 11:37:08 CST 2017]; root of context hierarchy
2017-02-09 11:38:22 0[main] [INFO] - org.springframework.beans.factory.xml.XmlBeanDefinitionReader -org.springframework.beans.factory.xml.XmlBeanDefinitionReader.loadBeanDefinitions(XmlBeanDefinitionReader.java:316) -Loading XML bean definitions from class path resource [applicationContext.xml]
2017-02-09 11:38:22 270[main] [INFO] - org.springframework.context.support.GenericApplicationContext -org.springframework.context.support.AbstractApplicationContext.prepareRefresh(AbstractApplicationContext.java:515) -Refreshing org.springframework.context.support.GenericApplicationContext@4e88151c: startup date [Thu Feb 09 11:38:22 CST 2017]; root of context hierarchy
2017-02-09 11:38:22 631[main] [INFO] - org.springframework.beans.factory.config.PropertiesFactoryBean -org.springframework.core.io.support.PropertiesLoaderSupport.loadProperties(PropertiesLoaderSupport.java:172) -Loading properties file from class path resource [ES.properties]
2017-02-09 11:38:23 1034[main] [INFO] - org.elasticsearch.plugins -org.elasticsearch.plugins.PluginsService.<init>(PluginsService.java:151) -[Red Ghost] loaded [], sites []
2017-02-09 11:38:26 3828[Thread-1] [INFO] - org.springframework.context.support.GenericApplicationContext -org.springframework.context.support.AbstractApplicationContext.doClose(AbstractApplicationContext.java:875) -Closing org.springframework.context.support.GenericApplicationContext@4e88151c: startup date [Thu Feb 09 11:38:22 CST 2017]; root of context hierarchy
2017-02-09 11:38:49 0[main] [INFO] - org.springframework.beans.factory.xml.XmlBeanDefinitionReader -org.springframework.beans.factory.xml.XmlBeanDefinitionReader.loadBeanDefinitions(XmlBeanDefinitionReader.java:316) -Loading XML bean definitions from class path resource [applicationContext.xml]
2017-02-09 11:38:49 293[main] [INFO] - org.springframework.context.support.GenericApplicationContext -org.springframework.context.support.AbstractApplicationContext.prepareRefresh(AbstractApplicationContext.java:515) -Refreshing org.springframework.context.support.GenericApplicationContext@c3b626c: startup date [Thu Feb 09 11:38:49 CST 2017]; root of context hierarchy
2017-02-09 11:38:49 701[main] [INFO] - org.springframework.beans.factory.config.PropertiesFactoryBean -org.springframework.core.io.support.PropertiesLoaderSupport.loadProperties(PropertiesLoaderSupport.java:172) -Loading properties file from class path resource [ES.properties]
2017-02-09 11:38:50 1095[main] [INFO] - org.elasticsearch.plugins -org.elasticsearch.plugins.PluginsService.<init>(PluginsService.java:151) -[Baron Blood] loaded [], sites []
2017-02-09 11:38:51 2296[Thread-1] [INFO] - org.springframework.context.support.GenericApplicationContext -org.springframework.context.support.AbstractApplicationContext.doClose(AbstractApplicationContext.java:875) -Closing org.springframework.context.support.GenericApplicationContext@c3b626c: startup date [Thu Feb 09 11:38:49 CST 2017]; root of context hierarchy
2017-02-09 14:33:37 0[main] [INFO] - org.springframework.beans.factory.xml.XmlBeanDefinitionReader -org.springframework.beans.factory.xml.XmlBeanDefinitionReader.loadBeanDefinitions(XmlBeanDefinitionReader.java:316) -Loading XML bean definitions from class path resource [applicationContext.xml]
2017-02-09 14:33:37 292[main] [INFO] - org.springframework.context.support.GenericApplicationContext -org.springframework.context.support.AbstractApplicationContext.prepareRefresh(AbstractApplicationContext.java:515) -Refreshing org.springframework.context.support.GenericApplicationContext@4e88151c: startup date [Thu Feb 09 14:33:37 CST 2017]; root of context hierarchy
2017-02-09 14:33:38 670[main] [INFO] - org.springframework.beans.factory.config.PropertiesFactoryBean -org.springframework.core.io.support.PropertiesLoaderSupport.loadProperties(PropertiesLoaderSupport.java:172) -Loading properties file from class path resource [ES.properties]
2017-02-09 14:33:38 1132[main] [INFO] - org.elasticsearch.plugins -org.elasticsearch.plugins.PluginsService.<init>(PluginsService.java:151) -[Link] loaded [], sites []
2017-02-09 14:33:39 2331[Thread-1] [INFO] - org.springframework.context.support.GenericApplicationContext -org.springframework.context.support.AbstractApplicationContext.doClose(AbstractApplicationContext.java:875) -Closing org.springframework.context.support.GenericApplicationContext@4e88151c: startup date [Thu Feb 09 14:33:37 CST 2017]; root of context hierarchy
2017-02-09 14:34:00 0[main] [INFO] - org.springframework.beans.factory.xml.XmlBeanDefinitionReader -org.springframework.beans.factory.xml.XmlBeanDefinitionReader.loadBeanDefinitions(XmlBeanDefinitionReader.java:316) -Loading XML bean definitions from class path resource [applicationContext.xml]
2017-02-09 14:34:00 294[main] [INFO] - org.springframework.context.support.GenericApplicationContext -org.springframework.context.support.AbstractApplicationContext.prepareRefresh(AbstractApplicationContext.java:515) -Refreshing org.springframework.context.support.GenericApplicationContext@c3b626c: startup date [Thu Feb 09 14:34:00 CST 2017]; root of context hierarchy
2017-02-09 14:34:00 805[main] [INFO] - org.springframework.beans.factory.config.PropertiesFactoryBean -org.springframework.core.io.support.PropertiesLoaderSupport.loadProperties(PropertiesLoaderSupport.java:172) -Loading properties file from class path resource [ES.properties]
2017-02-09 14:34:01 1294[main] [INFO] - org.elasticsearch.plugins -org.elasticsearch.plugins.PluginsService.<init>(PluginsService.java:151) -[Rigellian Recorder] loaded [], sites []
2017-02-09 14:34:02 2349[Thread-1] [INFO] - org.springframework.context.support.GenericApplicationContext -org.springframework.context.support.AbstractApplicationContext.doClose(AbstractApplicationContext.java:875) -Closing org.springframework.context.support.GenericApplicationContext@c3b626c: startup date [Thu Feb 09 14:34:00 CST 2017]; root of context hierarchy
2017-02-09 14:34:27 0[main] [INFO] - org.springframework.beans.factory.xml.XmlBeanDefinitionReader -org.springframework.beans.factory.xml.XmlBeanDefinitionReader.loadBeanDefinitions(XmlBeanDefinitionReader.java:316) -Loading XML bean definitions from class path resource [applicationContext.xml]
2017-02-09 14:34:27 298[main] [INFO] - org.springframework.context.support.GenericApplicationContext -org.springframework.context.support.AbstractApplicationContext.prepareRefresh(AbstractApplicationContext.java:515) -Refreshing org.springframework.context.support.GenericApplicationContext@c3b626c: startup date [Thu Feb 09 14:34:27 CST 2017]; root of context hierarchy
2017-02-09 14:34:28 710[main] [INFO] - org.springframework.beans.factory.config.PropertiesFactoryBean -org.springframework.core.io.support.PropertiesLoaderSupport.loadProperties(PropertiesLoaderSupport.java:172) -Loading properties file from class path resource [ES.properties]
2017-02-09 14:34:28 1152[main] [INFO] - org.elasticsearch.plugins -org.elasticsearch.plugins.PluginsService.<init>(PluginsService.java:151) -[Punisher 2099] loaded [], sites []
2017-02-09 14:34:29 2240[Thread-1] [INFO] - org.springframework.context.support.GenericApplicationContext -org.springframework.context.support.AbstractApplicationContext.doClose(AbstractApplicationContext.java:875) -Closing org.springframework.context.support.GenericApplicationContext@c3b626c: startup date [Thu Feb 09 14:34:27 CST 2017]; root of context hierarchy
2017-02-09 14:35:30 0[main] [INFO] - org.springframework.beans.factory.xml.XmlBeanDefinitionReader -org.springframework.beans.factory.xml.XmlBeanDefinitionReader.loadBeanDefinitions(XmlBeanDefinitionReader.java:316) -Loading XML bean definitions from class path resource [applicationContext.xml]
2017-02-09 14:35:30 279[main] [INFO] - org.springframework.context.support.GenericApplicationContext -org.springframework.context.support.AbstractApplicationContext.prepareRefresh(AbstractApplicationContext.java:515) -Refreshing org.springframework.context.support.GenericApplicationContext@4e88151c: startup date [Thu Feb 09 14:35:30 CST 2017]; root of context hierarchy
2017-02-09 14:35:31 667[main] [INFO] - org.springframework.beans.factory.config.PropertiesFactoryBean -org.springframework.core.io.support.PropertiesLoaderSupport.loadProperties(PropertiesLoaderSupport.java:172) -Loading properties file from class path resource [ES.properties]
2017-02-09 14:35:31 1118[main] [INFO] - org.elasticsearch.plugins -org.elasticsearch.plugins.PluginsService.<init>(PluginsService.java:151) -[Human Torch] loaded [], sites []
2017-02-09 14:35:32 1770[Thread-1] [INFO] - org.springframework.context.support.GenericApplicationContext -org.springframework.context.support.AbstractApplicationContext.doClose(AbstractApplicationContext.java:875) -Closing org.springframework.context.support.GenericApplicationContext@4e88151c: startup date [Thu Feb 09 14:35:30 CST 2017]; root of context hierarchy
2017-02-09 14:35:49 0[main] [INFO] - org.springframework.beans.factory.xml.XmlBeanDefinitionReader -org.springframework.beans.factory.xml.XmlBeanDefinitionReader.loadBeanDefinitions(XmlBeanDefinitionReader.java:316) -Loading XML bean definitions from class path resource [applicationContext.xml]
2017-02-09 14:35:50 308[main] [INFO] - org.springframework.context.support.GenericApplicationContext -org.springframework.context.support.AbstractApplicationContext.prepareRefresh(AbstractApplicationContext.java:515) -Refreshing org.springframework.context.support.GenericApplicationContext@c3b626c: startup date [Thu Feb 09 14:35:50 CST 2017]; root of context hierarchy
2017-02-09 14:35:50 842[main] [INFO] - org.springframework.beans.factory.config.PropertiesFactoryBean -org.springframework.core.io.support.PropertiesLoaderSupport.loadProperties(PropertiesLoaderSupport.java:172) -Loading properties file from class path resource [ES.properties]
2017-02-09 14:35:50 1267[main] [INFO] - org.elasticsearch.plugins -org.elasticsearch.plugins.PluginsService.<init>(PluginsService.java:151) -[Lorvex] loaded [], sites []
2017-02-09 14:35:51 1865[Thread-1] [INFO] - org.springframework.context.support.GenericApplicationContext -org.springframework.context.support.AbstractApplicationContext.doClose(AbstractApplicationContext.java:875) -Closing org.springframework.context.support.GenericApplicationContext@c3b626c: startup date [Thu Feb 09 14:35:50 CST 2017]; root of context hierarchy
2017-02-09 14:38:40 0[main] [INFO] - org.springframework.beans.factory.xml.XmlBeanDefinitionReader -org.springframework.beans.factory.xml.XmlBeanDefinitionReader.loadBeanDefinitions(XmlBeanDefinitionReader.java:316) -Loading XML bean definitions from class path resource [applicationContext.xml]
2017-02-09 14:38:40 307[main] [INFO] - org.springframework.context.support.GenericApplicationContext -org.springframework.context.support.AbstractApplicationContext.prepareRefresh(AbstractApplicationContext.java:515) -Refreshing org.springframework.context.support.GenericApplicationContext@4e88151c: startup date [Thu Feb 09 14:38:40 CST 2017]; root of context hierarchy
2017-02-09 14:38:40 427[main] [INFO] - org.springframework.beans.factory.config.PropertyPlaceholderConfigurer -org.springframework.core.io.support.PropertiesLoaderSupport.loadProperties(PropertiesLoaderSupport.java:172) -Loading properties file from class path resource [ES.properties]
2017-02-09 14:38:41 1262[main] [INFO] - org.elasticsearch.plugins -org.elasticsearch.plugins.PluginsService.<init>(PluginsService.java:151) -[Kosmos] loaded [], sites []
2017-02-09 14:38:42 1920[Thread-1] [INFO] - org.springframework.context.support.GenericApplicationContext -org.springframework.context.support.AbstractApplicationContext.doClose(AbstractApplicationContext.java:875) -Closing org.springframework.context.support.GenericApplicationContext@4e88151c: startup date [Thu Feb 09 14:38:40 CST 2017]; root of context hierarchy
2017-02-09 14:38:49 0[main] [INFO] - org.springframework.beans.factory.xml.XmlBeanDefinitionReader -org.springframework.beans.factory.xml.XmlBeanDefinitionReader.loadBeanDefinitions(XmlBeanDefinitionReader.java:316) -Loading XML bean definitions from class path resource [applicationContext.xml]
2017-02-09 14:38:49 306[main] [INFO] - org.springframework.context.support.GenericApplicationContext -org.springframework.context.support.AbstractApplicationContext.prepareRefresh(AbstractApplicationContext.java:515) -Refreshing org.springframework.context.support.GenericApplicationContext@c3b626c: startup date [Thu Feb 09 14:38:49 CST 2017]; root of context hierarchy
2017-02-09 14:38:50 439[main] [INFO] - org.springframework.beans.factory.config.PropertyPlaceholderConfigurer -org.springframework.core.io.support.PropertiesLoaderSupport.loadProperties(PropertiesLoaderSupport.java:172) -Loading properties file from class path resource [ES.properties]
2017-02-09 14:38:50 1187[main] [INFO] - org.elasticsearch.plugins -org.elasticsearch.plugins.PluginsService.<init>(PluginsService.java:151) -[Amphibius] loaded [], sites []
2017-02-09 14:38:51 1784[Thread-1] [INFO] - org.springframework.context.support.GenericApplicationContext -org.springframework.context.support.AbstractApplicationContext.doClose(AbstractApplicationContext.java:875) -Closing org.springframework.context.support.GenericApplicationContext@c3b626c: startup date [Thu Feb 09 14:38:49 CST 2017]; root of context hierarchy
2017-02-09 14:41:37 0[main] [INFO] - org.springframework.beans.factory.xml.XmlBeanDefinitionReader -org.springframework.beans.factory.xml.XmlBeanDefinitionReader.loadBeanDefinitions(XmlBeanDefinitionReader.java:316) -Loading XML bean definitions from class path resource [applicationContext.xml]
2017-02-09 14:41:37 279[main] [INFO] - org.springframework.context.support.GenericApplicationContext -org.springframework.context.support.AbstractApplicationContext.prepareRefresh(AbstractApplicationContext.java:515) -Refreshing org.springframework.context.support.GenericApplicationContext@4e88151c: startup date [Thu Feb 09 14:41:37 CST 2017]; root of context hierarchy
2017-02-09 14:41:37 418[main] [INFO] - org.springframework.beans.factory.config.PropertyPlaceholderConfigurer -org.springframework.core.io.support.PropertiesLoaderSupport.loadProperties(PropertiesLoaderSupport.java:172) -Loading properties file from class path resource [ES.properties]
2017-02-09 14:41:38 1176[main] [INFO] - org.elasticsearch.plugins -org.elasticsearch.plugins.PluginsService.<init>(PluginsService.java:151) -[Angela Del Toro] loaded [], sites []
2017-02-09 14:41:38 1835[Thread-1] [INFO] - org.springframework.context.support.GenericApplicationContext -org.springframework.context.support.AbstractApplicationContext.doClose(AbstractApplicationContext.java:875) -Closing org.springframework.context.support.GenericApplicationContext@4e88151c: startup date [Thu Feb 09 14:41:37 CST 2017]; root of context hierarchy
2017-02-09 14:41:44 0[main] [INFO] - org.springframework.beans.factory.xml.XmlBeanDefinitionReader -org.springframework.beans.factory.xml.XmlBeanDefinitionReader.loadBeanDefinitions(XmlBeanDefinitionReader.java:316) -Loading XML bean definitions from class path resource [applicationContext.xml]
2017-02-09 14:41:45 300[main] [INFO] - org.springframework.context.support.GenericApplicationContext -org.springframework.context.support.AbstractApplicationContext.prepareRefresh(AbstractApplicationContext.java:515) -Refreshing org.springframework.context.support.GenericApplicationContext@c3b626c: startup date [Thu Feb 09 14:41:45 CST 2017]; root of context hierarchy
2017-02-09 14:41:45 420[main] [INFO] - org.springframework.beans.factory.config.PropertyPlaceholderConfigurer -org.springframework.core.io.support.PropertiesLoaderSupport.loadProperties(PropertiesLoaderSupport.java:172) -Loading properties file from class path resource [ES.properties]
2017-02-09 14:41:46 1164[main] [INFO] - org.elasticsearch.plugins -org.elasticsearch.plugins.PluginsService.<init>(PluginsService.java:151) -[Kurse] loaded [], sites []
2017-02-09 14:41:46 1749[Thread-1] [INFO] - org.springframework.context.support.GenericApplicationContext -org.springframework.context.support.AbstractApplicationContext.doClose(AbstractApplicationContext.java:875) -Closing org.springframework.context.support.GenericApplicationContext@c3b626c: startup date [Thu Feb 09 14:41:45 CST 2017]; root of context hierarchy
2017-02-09 14:43:32 0[main] [INFO] - org.springframework.beans.factory.xml.XmlBeanDefinitionReader -org.springframework.beans.factory.xml.XmlBeanDefinitionReader.loadBeanDefinitions(XmlBeanDefinitionReader.java:316) -Loading XML bean definitions from class path resource [applicationContext.xml]
2017-02-09 14:43:32 332[main] [INFO] - org.springframework.context.support.GenericApplicationContext -org.springframework.context.support.AbstractApplicationContext.prepareRefresh(AbstractApplicationContext.java:515) -Refreshing org.springframework.context.support.GenericApplicationContext@c3b626c: startup date [Thu Feb 09 14:43:32 CST 2017]; root of context hierarchy
2017-02-09 14:43:33 456[main] [INFO] - org.springframework.beans.factory.config.PropertyPlaceholderConfigurer -org.springframework.core.io.support.PropertiesLoaderSupport.loadProperties(PropertiesLoaderSupport.java:172) -Loading properties file from class path resource [ES.properties]
2017-02-09 14:43:33 1188[main] [INFO] - org.elasticsearch.plugins -org.elasticsearch.plugins.PluginsService.<init>(PluginsService.java:151) -[Reptyl] loaded [], sites []
2017-02-09 14:43:34 1795[Thread-1] [INFO] - org.springframework.context.support.GenericApplicationContext -org.springframework.context.support.AbstractApplicationContext.doClose(AbstractApplicationContext.java:875) -Closing org.springframework.context.support.GenericApplicationContext@c3b626c: startup date [Thu Feb 09 14:43:32 CST 2017]; root of context hierarchy
2017-02-09 14:43:58 0[main] [INFO] - org.springframework.beans.factory.xml.XmlBeanDefinitionReader -org.springframework.beans.factory.xml.XmlBeanDefinitionReader.loadBeanDefinitions(XmlBeanDefinitionReader.java:316) -Loading XML bean definitions from class path resource [applicationContext.xml]
2017-02-09 14:43:58 297[main] [INFO] - org.springframework.context.support.GenericApplicationContext -org.springframework.context.support.AbstractApplicationContext.prepareRefresh(AbstractApplicationContext.java:515) -Refreshing org.springframework.context.support.GenericApplicationContext@c3b626c: startup date [Thu Feb 09 14:43:58 CST 2017]; root of context hierarchy
2017-02-09 14:43:58 422[main] [INFO] - org.springframework.beans.factory.config.PropertyPlaceholderConfigurer -org.springframework.core.io.support.PropertiesLoaderSupport.loadProperties(PropertiesLoaderSupport.java:172) -Loading properties file from class path resource [ES.properties]
2017-02-09 14:43:59 1146[main] [INFO] - org.elasticsearch.plugins -org.elasticsearch.plugins.PluginsService.<init>(PluginsService.java:151) -[Lament] loaded [], sites []
2017-02-09 14:43:59 1747[Thread-1] [INFO] - org.springframework.context.support.GenericApplicationContext -org.springframework.context.support.AbstractApplicationContext.doClose(AbstractApplicationContext.java:875) -Closing org.springframework.context.support.GenericApplicationContext@c3b626c: startup date [Thu Feb 09 14:43:58 CST 2017]; root of context hierarchy
2017-02-09 14:44:42 0[main] [INFO] - org.springframework.beans.factory.xml.XmlBeanDefinitionReader -org.springframework.beans.factory.xml.XmlBeanDefinitionReader.loadBeanDefinitions(XmlBeanDefinitionReader.java:316) -Loading XML bean definitions from class path resource [applicationContext.xml]
2017-02-09 14:44:42 302[main] [INFO] - org.springframework.context.support.GenericApplicationContext -org.springframework.context.support.AbstractApplicationContext.prepareRefresh(AbstractApplicationContext.java:515) -Refreshing org.springframework.context.support.GenericApplicationContext@c3b626c: startup date [Thu Feb 09 14:44:42 CST 2017]; root of context hierarchy
2017-02-09 14:44:42 433[main] [INFO] - org.springframework.beans.factory.config.PropertyPlaceholderConfigurer -org.springframework.core.io.support.PropertiesLoaderSupport.loadProperties(PropertiesLoaderSupport.java:172) -Loading properties file from class path resource [src/main/resources/ES.properties]
2017-02-09 14:46:57 0[main] [INFO] - org.springframework.beans.factory.xml.XmlBeanDefinitionReader -org.springframework.beans.factory.xml.XmlBeanDefinitionReader.loadBeanDefinitions(XmlBeanDefinitionReader.java:316) -Loading XML bean definitions from class path resource [applicationContext.xml]
2017-02-09 14:46:58 329[main] [INFO] - org.springframework.context.support.GenericApplicationContext -org.springframework.context.support.AbstractApplicationContext.prepareRefresh(AbstractApplicationContext.java:515) -Refreshing org.springframework.context.support.GenericApplicationContext@c3b626c: startup date [Thu Feb 09 14:46:58 CST 2017]; root of context hierarchy
2017-02-09 14:46:58 504[main] [INFO] - org.springframework.beans.factory.config.PropertyPlaceholderConfigurer -org.springframework.core.io.support.PropertiesLoaderSupport.loadProperties(PropertiesLoaderSupport.java:172) -Loading properties file from class path resource [ES.properties]
2017-02-09 14:46:59 1243[main] [INFO] - org.elasticsearch.plugins -org.elasticsearch.plugins.PluginsService.<init>(PluginsService.java:151) -[Mikado] loaded [], sites []
2017-02-09 14:46:59 1840[Thread-1] [INFO] - org.springframework.context.support.GenericApplicationContext -org.springframework.context.support.AbstractApplicationContext.doClose(AbstractApplicationContext.java:875) -Closing org.springframework.context.support.GenericApplicationContext@c3b626c: startup date [Thu Feb 09 14:46:58 CST 2017]; root of context hierarchy
2017-02-09 14:49:37 0[main] [INFO] - org.springframework.beans.factory.xml.XmlBeanDefinitionReader -org.springframework.beans.factory.xml.XmlBeanDefinitionReader.loadBeanDefinitions(XmlBeanDefinitionReader.java:316) -Loading XML bean definitions from class path resource [applicationContext.xml]
2017-02-09 14:49:37 293[main] [INFO] - org.springframework.context.support.GenericApplicationContext -org.springframework.context.support.AbstractApplicationContext.prepareRefresh(AbstractApplicationContext.java:515) -Refreshing org.springframework.context.support.GenericApplicationContext@4e88151c: startup date [Thu Feb 09 14:49:37 CST 2017]; root of context hierarchy
2017-02-09 14:49:37 399[main] [INFO] - org.springframework.beans.factory.config.PropertyPlaceholderConfigurer -org.springframework.core.io.support.PropertiesLoaderSupport.loadProperties(PropertiesLoaderSupport.java:172) -Loading properties file from class path resource [ES.properties]
2017-02-09 14:49:38 1132[main] [INFO] - org.elasticsearch.plugins -org.elasticsearch.plugins.PluginsService.<init>(PluginsService.java:151) -[Scream] loaded [], sites []
2017-02-09 14:49:39 1778[Thread-1] [INFO] - org.springframework.context.support.GenericApplicationContext -org.springframework.context.support.AbstractApplicationContext.doClose(AbstractApplicationContext.java:875) -Closing org.springframework.context.support.GenericApplicationContext@4e88151c: startup date [Thu Feb 09 14:49:37 CST 2017]; root of context hierarchy
2017-02-09 14:50:11 0[main] [INFO] - org.springframework.beans.factory.xml.XmlBeanDefinitionReader -org.springframework.beans.factory.xml.XmlBeanDefinitionReader.loadBeanDefinitions(XmlBeanDefinitionReader.java:316) -Loading XML bean definitions from class path resource [applicationContext.xml]
2017-02-09 14:50:11 304[main] [INFO] - org.springframework.context.support.GenericApplicationContext -org.springframework.context.support.AbstractApplicationContext.prepareRefresh(AbstractApplicationContext.java:515) -Refreshing org.springframework.context.support.GenericApplicationContext@c3b626c: startup date [Thu Feb 09 14:50:11 CST 2017]; root of context hierarchy
2017-02-09 14:50:11 429[main] [INFO] - org.springframework.beans.factory.config.PropertyPlaceholderConfigurer -org.springframework.core.io.support.PropertiesLoaderSupport.loadProperties(PropertiesLoaderSupport.java:172) -Loading properties file from class path resource [ES.properties]
2017-02-09 14:50:12 1147[main] [INFO] - org.elasticsearch.plugins -org.elasticsearch.plugins.PluginsService.<init>(PluginsService.java:151) -[Wildside] loaded [], sites []
2017-02-09 14:50:13 1747[Thread-1] [INFO] - org.springframework.context.support.GenericApplicationContext -org.springframework.context.support.AbstractApplicationContext.doClose(AbstractApplicationContext.java:875) -Closing org.springframework.context.support.GenericApplicationContext@c3b626c: startup date [Thu Feb 09 14:50:11 CST 2017]; root of context hierarchy
2017-02-09 14:52:37 0[main] [INFO] - org.springframework.beans.factory.xml.XmlBeanDefinitionReader -org.springframework.beans.factory.xml.XmlBeanDefinitionReader.loadBeanDefinitions(XmlBeanDefinitionReader.java:316) -Loading XML bean definitions from class path resource [applicationContext.xml]
2017-02-09 14:52:38 295[main] [INFO] - org.springframework.context.support.GenericApplicationContext -org.springframework.context.support.AbstractApplicationContext.prepareRefresh(AbstractApplicationContext.java:515) -Refreshing org.springframework.context.support.GenericApplicationContext@4e88151c: startup date [Thu Feb 09 14:52:38 CST 2017]; root of context hierarchy
2017-02-09 14:52:38 399[main] [INFO] - org.springframework.beans.factory.config.PropertyPlaceholderConfigurer -org.springframework.core.io.support.PropertiesLoaderSupport.loadProperties(PropertiesLoaderSupport.java:172) -Loading properties file from class path resource [ES.properties]
2017-02-09 14:52:38 1110[main] [INFO] - org.elasticsearch.plugins -org.elasticsearch.plugins.PluginsService.<init>(PluginsService.java:151) -[Bora] loaded [], sites []
2017-02-09 14:52:39 1761[Thread-1] [INFO] - org.springframework.context.support.GenericApplicationContext -org.springframework.context.support.AbstractApplicationContext.doClose(AbstractApplicationContext.java:875) -Closing org.springframework.context.support.GenericApplicationContext@4e88151c: startup date [Thu Feb 09 14:52:38 CST 2017]; root of context hierarchy
2017-02-09 14:52:50 0[main] [INFO] - org.springframework.beans.factory.xml.XmlBeanDefinitionReader -org.springframework.beans.factory.xml.XmlBeanDefinitionReader.loadBeanDefinitions(XmlBeanDefinitionReader.java:316) -Loading XML bean definitions from class path resource [applicationContext.xml]
2017-02-09 14:52:51 308[main] [INFO] - org.springframework.context.support.GenericApplicationContext -org.springframework.context.support.AbstractApplicationContext.prepareRefresh(AbstractApplicationContext.java:515) -Refreshing org.springframework.context.support.GenericApplicationContext@c3b626c: startup date [Thu Feb 09 14:52:51 CST 2017]; root of context hierarchy
2017-02-09 14:52:51 440[main] [INFO] - org.springframework.beans.factory.config.PropertyPlaceholderConfigurer -org.springframework.core.io.support.PropertiesLoaderSupport.loadProperties(PropertiesLoaderSupport.java:172) -Loading properties file from class path resource [ES.properties]
2017-02-09 14:52:51 1169[main] [INFO] - org.elasticsearch.plugins -org.elasticsearch.plugins.PluginsService.<init>(PluginsService.java:151) -[X-Ray] loaded [], sites []
2017-02-09 14:52:52 1770[Thread-1] [INFO] - org.springframework.context.support.GenericApplicationContext -org.springframework.context.support.AbstractApplicationContext.doClose(AbstractApplicationContext.java:875) -Closing org.springframework.context.support.GenericApplicationContext@c3b626c: startup date [Thu Feb 09 14:52:51 CST 2017]; root of context hierarchy
2017-02-09 14:55:54 0[main] [INFO] - org.springframework.beans.factory.xml.XmlBeanDefinitionReader -org.springframework.beans.factory.xml.XmlBeanDefinitionReader.loadBeanDefinitions(XmlBeanDefinitionReader.java:316) -Loading XML bean definitions from class path resource [applicationContext.xml]
2017-02-09 14:55:54 388[main] [INFO] - org.springframework.context.support.GenericApplicationContext -org.springframework.context.support.AbstractApplicationContext.prepareRefresh(AbstractApplicationContext.java:515) -Refreshing org.springframework.context.support.GenericApplicationContext@4e88151c: startup date [Thu Feb 09 14:55:54 CST 2017]; root of context hierarchy
2017-02-09 14:55:54 494[main] [INFO] - org.springframework.beans.factory.config.PropertyPlaceholderConfigurer -org.springframework.core.io.support.PropertiesLoaderSupport.loadProperties(PropertiesLoaderSupport.java:172) -Loading properties file from class path resource [ES.properties]
2017-02-09 14:55:55 1188[main] [INFO] - org.elasticsearch.plugins -org.elasticsearch.plugins.PluginsService.<init>(PluginsService.java:151) -[Flying Tiger] loaded [], sites []
2017-02-09 14:55:56 1849[Thread-1] [INFO] - org.springframework.context.support.GenericApplicationContext -org.springframework.context.support.AbstractApplicationContext.doClose(AbstractApplicationContext.java:875) -Closing org.springframework.context.support.GenericApplicationContext@4e88151c: startup date [Thu Feb 09 14:55:54 CST 2017]; root of context hierarchy
2017-02-09 15:01:59 0[main] [INFO] - org.springframework.beans.factory.xml.XmlBeanDefinitionReader -org.springframework.beans.factory.xml.XmlBeanDefinitionReader.loadBeanDefinitions(XmlBeanDefinitionReader.java:316) -Loading XML bean definitions from class path resource [applicationContext.xml]
2017-02-09 15:01:59 288[main] [INFO] - org.springframework.context.support.GenericApplicationContext -org.springframework.context.support.AbstractApplicationContext.prepareRefresh(AbstractApplicationContext.java:515) -Refreshing org.springframework.context.support.GenericApplicationContext@4e88151c: startup date [Thu Feb 09 15:01:59 CST 2017]; root of context hierarchy
2017-02-09 15:01:59 674[main] [INFO] - org.springframework.beans.factory.config.PropertiesFactoryBean -org.springframework.core.io.support.PropertiesLoaderSupport.loadProperties(PropertiesLoaderSupport.java:172) -Loading properties file from class path resource [ES.properties]
2017-02-09 15:02:00 1093[main] [INFO] - org.elasticsearch.plugins -org.elasticsearch.plugins.PluginsService.<init>(PluginsService.java:151) -[Tabitha Smith] loaded [], sites []
2017-02-09 15:02:00 1743[Thread-1] [INFO] - org.springframework.context.support.GenericApplicationContext -org.springframework.context.support.AbstractApplicationContext.doClose(AbstractApplicationContext.java:875) -Closing org.springframework.context.support.GenericApplicationContext@4e88151c: startup date [Thu Feb 09 15:01:59 CST 2017]; root of context hierarchy
2017-02-09 15:02:08 0[main] [INFO] - org.springframework.beans.factory.xml.XmlBeanDefinitionReader -org.springframework.beans.factory.xml.XmlBeanDefinitionReader.loadBeanDefinitions(XmlBeanDefinitionReader.java:316) -Loading XML bean definitions from class path resource [applicationContext.xml]
2017-02-09 15:02:08 306[main] [INFO] - org.springframework.context.support.GenericApplicationContext -org.springframework.context.support.AbstractApplicationContext.prepareRefresh(AbstractApplicationContext.java:515) -Refreshing org.springframework.context.support.GenericApplicationContext@c3b626c: startup date [Thu Feb 09 15:02:08 CST 2017]; root of context hierarchy
2017-02-09 15:02:09 748[main] [INFO] - org.springframework.beans.factory.config.PropertiesFactoryBean -org.springframework.core.io.support.PropertiesLoaderSupport.loadProperties(PropertiesLoaderSupport.java:172) -Loading properties file from class path resource [ES.properties]
2017-02-09 15:02:09 1186[main] [INFO] - org.elasticsearch.plugins -org.elasticsearch.plugins.PluginsService.<init>(PluginsService.java:151) -[Aelfyre Whitemane] loaded [], sites []
2017-02-09 15:02:10 1806[Thread-1] [INFO] - org.springframework.context.support.GenericApplicationContext -org.springframework.context.support.AbstractApplicationContext.doClose(AbstractApplicationContext.java:875) -Closing org.springframework.context.support.GenericApplicationContext@c3b626c: startup date [Thu Feb 09 15:02:08 CST 2017]; root of context hierarchy
2017-02-09 15:03:46 0[main] [INFO] - org.springframework.beans.factory.xml.XmlBeanDefinitionReader -org.springframework.beans.factory.xml.XmlBeanDefinitionReader.loadBeanDefinitions(XmlBeanDefinitionReader.java:316) -Loading XML bean definitions from class path resource [applicationContext.xml]
2017-02-09 15:03:47 314[main] [INFO] - org.springframework.context.support.GenericApplicationContext -org.springframework.context.support.AbstractApplicationContext.prepareRefresh(AbstractApplicationContext.java:515) -Refreshing org.springframework.context.support.GenericApplicationContext@c3b626c: startup date [Thu Feb 09 15:03:47 CST 2017]; root of context hierarchy
2017-02-09 15:03:47 738[main] [INFO] - org.springframework.beans.factory.config.PropertiesFactoryBean -org.springframework.core.io.support.PropertiesLoaderSupport.loadProperties(PropertiesLoaderSupport.java:172) -Loading properties file from class path resource [ES.properties]
2017-02-09 15:03:48 1158[main] [INFO] - org.elasticsearch.plugins -org.elasticsearch.plugins.PluginsService.<init>(PluginsService.java:151) -[Devastator] loaded [], sites []
2017-02-09 15:03:48 1770[Thread-1] [INFO] - org.springframework.context.support.GenericApplicationContext -org.springframework.context.support.AbstractApplicationContext.doClose(AbstractApplicationContext.java:875) -Closing org.springframework.context.support.GenericApplicationContext@c3b626c: startup date [Thu Feb 09 15:03:47 CST 2017]; root of context hierarchy
2017-02-09 15:18:11 0[main] [INFO] - org.springframework.beans.factory.xml.XmlBeanDefinitionReader -org.springframework.beans.factory.xml.XmlBeanDefinitionReader.loadBeanDefinitions(XmlBeanDefinitionReader.java:316) -Loading XML bean definitions from class path resource [applicationContext.xml]
2017-02-09 15:18:11 282[main] [INFO] - org.springframework.context.support.GenericApplicationContext -org.springframework.context.support.AbstractApplicationContext.prepareRefresh(AbstractApplicationContext.java:515) -Refreshing org.springframework.context.support.GenericApplicationContext@4e88151c: startup date [Thu Feb 09 15:18:11 CST 2017]; root of context hierarchy
2017-02-09 15:18:11 367[main] [INFO] - org.springframework.context.support.PropertySourcesPlaceholderConfigurer -org.springframework.core.io.support.PropertiesLoaderSupport.loadProperties(PropertiesLoaderSupport.java:172) -Loading properties file from class path resource [ES.properties]
2017-02-09 15:18:12 1029[main] [INFO] - org.elasticsearch.plugins -org.elasticsearch.plugins.PluginsService.<init>(PluginsService.java:151) -[Black Tarantula] loaded [], sites []
2017-02-09 15:18:12 1649[Thread-1] [INFO] - org.springframework.context.support.GenericApplicationContext -org.springframework.context.support.AbstractApplicationContext.doClose(AbstractApplicationContext.java:875) -Closing org.springframework.context.support.GenericApplicationContext@4e88151c: startup date [Thu Feb 09 15:18:11 CST 2017]; root of context hierarchy
2017-02-09 15:22:57 1[main] [INFO] - org.springframework.beans.factory.xml.XmlBeanDefinitionReader -org.springframework.beans.factory.xml.XmlBeanDefinitionReader.loadBeanDefinitions(XmlBeanDefinitionReader.java:316) -Loading XML bean definitions from class path resource [applicationContext.xml]
2017-02-09 15:22:58 290[main] [INFO] - org.springframework.context.support.GenericApplicationContext -org.springframework.context.support.AbstractApplicationContext.prepareRefresh(AbstractApplicationContext.java:515) -Refreshing org.springframework.context.support.GenericApplicationContext@36aa544: startup date [Thu Feb 09 15:22:58 CST 2017]; root of context hierarchy
2017-02-09 15:22:58 663[main] [INFO] - org.springframework.beans.factory.config.PropertiesFactoryBean -org.springframework.core.io.support.PropertiesLoaderSupport.loadProperties(PropertiesLoaderSupport.java:172) -Loading properties file from class path resource [ES.properties]
2017-02-09 15:22:59 1070[main] [INFO] - org.elasticsearch.plugins -org.elasticsearch.plugins.PluginsService.<init>(PluginsService.java:151) -[Phade] loaded [], sites []
2017-02-09 15:22:59 1687[Thread-1] [INFO] - org.springframework.context.support.GenericApplicationContext -org.springframework.context.support.AbstractApplicationContext.doClose(AbstractApplicationContext.java:875) -Closing org.springframework.context.support.GenericApplicationContext@36aa544: startup date [Thu Feb 09 15:22:58 CST 2017]; root of context hierarchy
2017-02-09 15:23:10 0[main] [INFO] - org.springframework.beans.factory.xml.XmlBeanDefinitionReader -org.springframework.beans.factory.xml.XmlBeanDefinitionReader.loadBeanDefinitions(XmlBeanDefinitionReader.java:316) -Loading XML bean definitions from class path resource [applicationContext.xml]
2017-02-09 15:23:11 290[main] [INFO] - org.springframework.context.support.GenericApplicationContext -org.springframework.context.support.AbstractApplicationContext.prepareRefresh(AbstractApplicationContext.java:515) -Refreshing org.springframework.context.support.GenericApplicationContext@c3b626c: startup date [Thu Feb 09 15:23:11 CST 2017]; root of context hierarchy
2017-02-09 15:23:11 685[main] [INFO] - org.springframework.beans.factory.config.PropertiesFactoryBean -org.springframework.core.io.support.PropertiesLoaderSupport.loadProperties(PropertiesLoaderSupport.java:172) -Loading properties file from class path resource [ES.properties]
2017-02-09 15:23:11 1090[main] [INFO] - org.elasticsearch.plugins -org.elasticsearch.plugins.PluginsService.<init>(PluginsService.java:151) -[John Proudstar] loaded [], sites []
2017-02-09 15:23:12 1645[Thread-1] [INFO] - org.springframework.context.support.GenericApplicationContext -org.springframework.context.support.AbstractApplicationContext.doClose(AbstractApplicationContext.java:875) -Closing org.springframework.context.support.GenericApplicationContext@c3b626c: startup date [Thu Feb 09 15:23:11 CST 2017]; root of context hierarchy
2017-02-09 15:23:33 0[main] [INFO] - org.springframework.beans.factory.xml.XmlBeanDefinitionReader -org.springframework.beans.factory.xml.XmlBeanDefinitionReader.loadBeanDefinitions(XmlBeanDefinitionReader.java:316) -Loading XML bean definitions from class path resource [applicationContext.xml]
2017-02-09 15:23:34 298[main] [INFO] - org.springframework.context.support.GenericApplicationContext -org.springframework.context.support.AbstractApplicationContext.prepareRefresh(AbstractApplicationContext.java:515) -Refreshing org.springframework.context.support.GenericApplicationContext@c3b626c: startup date [Thu Feb 09 15:23:34 CST 2017]; root of context hierarchy
2017-02-09 15:23:34 718[main] [INFO] - org.springframework.beans.factory.config.PropertiesFactoryBean -org.springframework.core.io.support.PropertiesLoaderSupport.loadProperties(PropertiesLoaderSupport.java:172) -Loading properties file from class path resource [ES.properties]
2017-02-09 15:23:35 1122[main] [INFO] - org.elasticsearch.plugins -org.elasticsearch.plugins.PluginsService.<init>(PluginsService.java:151) -[Jonathan "John" Garrett] loaded [], sites []
2017-02-09 15:23:35 1686[Thread-1] [INFO] - org.springframework.context.support.GenericApplicationContext -org.springframework.context.support.AbstractApplicationContext.doClose(AbstractApplicationContext.java:875) -Closing org.springframework.context.support.GenericApplicationContext@c3b626c: startup date [Thu Feb 09 15:23:34 CST 2017]; root of context hierarchy
2017-02-09 15:25:30 0[main] [INFO] - org.springframework.beans.factory.xml.XmlBeanDefinitionReader -org.springframework.beans.factory.xml.XmlBeanDefinitionReader.loadBeanDefinitions(XmlBeanDefinitionReader.java:316) -Loading XML bean definitions from class path resource [applicationContext.xml]
2017-02-09 15:25:30 284[main] [INFO] - org.springframework.context.support.GenericApplicationContext -org.springframework.context.support.AbstractApplicationContext.prepareRefresh(AbstractApplicationContext.java:515) -Refreshing org.springframework.context.support.GenericApplicationContext@4e88151c: startup date [Thu Feb 09 15:25:30 CST 2017]; root of context hierarchy
2017-02-09 15:25:31 652[main] [INFO] - org.springframework.beans.factory.config.PropertiesFactoryBean -org.springframework.core.io.support.PropertiesLoaderSupport.loadProperties(PropertiesLoaderSupport.java:172) -Loading properties file from class path resource [ES.properties]
2017-02-09 15:25:31 1056[main] [INFO] - org.elasticsearch.plugins -org.elasticsearch.plugins.PluginsService.<init>(PluginsService.java:151) -[Robbie Robertson] loaded [], sites []
2017-02-09 15:25:32 1673[Thread-1] [INFO] - org.springframework.context.support.GenericApplicationContext -org.springframework.context.support.AbstractApplicationContext.doClose(AbstractApplicationContext.java:875) -Closing org.springframework.context.support.GenericApplicationContext@4e88151c: startup date [Thu Feb 09 15:25:30 CST 2017]; root of context hierarchy
2017-02-09 15:29:10 0[main] [INFO] - org.springframework.beans.factory.xml.XmlBeanDefinitionReader -org.springframework.beans.factory.xml.XmlBeanDefinitionReader.loadBeanDefinitions(XmlBeanDefinitionReader.java:316) -Loading XML bean definitions from class path resource [applicationContext.xml]
2017-02-09 15:29:10 299[main] [INFO] - org.springframework.context.support.GenericApplicationContext -org.springframework.context.support.AbstractApplicationContext.prepareRefresh(AbstractApplicationContext.java:515) -Refreshing org.springframework.context.support.GenericApplicationContext@c3b626c: startup date [Thu Feb 09 15:29:10 CST 2017]; root of context hierarchy
2017-02-09 15:29:10 737[main] [INFO] - org.springframework.beans.factory.config.PropertiesFactoryBean -org.springframework.core.io.support.PropertiesLoaderSupport.loadProperties(PropertiesLoaderSupport.java:172) -Loading properties file from class path resource [es.properties]
2017-02-09 15:29:49 0[main] [INFO] - org.springframework.beans.factory.xml.XmlBeanDefinitionReader -org.springframework.beans.factory.xml.XmlBeanDefinitionReader.loadBeanDefinitions(XmlBeanDefinitionReader.java:316) -Loading XML bean definitions from class path resource [applicationContext.xml]
2017-02-09 15:29:49 283[main] [INFO] - org.springframework.context.support.GenericApplicationContext -org.springframework.context.support.AbstractApplicationContext.prepareRefresh(AbstractApplicationContext.java:515) -Refreshing org.springframework.context.support.GenericApplicationContext@4e88151c: startup date [Thu Feb 09 15:29:49 CST 2017]; root of context hierarchy
2017-02-09 15:29:50 640[main] [INFO] - org.springframework.beans.factory.config.PropertiesFactoryBean -org.springframework.core.io.support.PropertiesLoaderSupport.loadProperties(PropertiesLoaderSupport.java:172) -Loading properties file from class path resource [es.properties]
2017-02-09 15:29:50 1048[main] [INFO] - org.elasticsearch.plugins -org.elasticsearch.plugins.PluginsService.<init>(PluginsService.java:151) -[Johnny Ohm] loaded [], sites []
2017-02-09 15:29:51 1654[Thread-1] [INFO] - org.springframework.context.support.GenericApplicationContext -org.springframework.context.support.AbstractApplicationContext.doClose(AbstractApplicationContext.java:875) -Closing org.springframework.context.support.GenericApplicationContext@4e88151c: startup date [Thu Feb 09 15:29:49 CST 2017]; root of context hierarchy
2017-02-09 15:29:59 0[main] [INFO] - org.springframework.beans.factory.xml.XmlBeanDefinitionReader -org.springframework.beans.factory.xml.XmlBeanDefinitionReader.loadBeanDefinitions(XmlBeanDefinitionReader.java:316) -Loading XML bean definitions from class path resource [applicationContext.xml]
2017-02-09 15:30:00 279[main] [INFO] - org.springframework.context.support.GenericApplicationContext -org.springframework.context.support.AbstractApplicationContext.prepareRefresh(AbstractApplicationContext.java:515) -Refreshing org.springframework.context.support.GenericApplicationContext@c3b626c: startup date [Thu Feb 09 15:30:00 CST 2017]; root of context hierarchy
2017-02-09 15:30:00 673[main] [INFO] - org.springframework.beans.factory.config.PropertiesFactoryBean -org.springframework.core.io.support.PropertiesLoaderSupport.loadProperties(PropertiesLoaderSupport.java:172) -Loading properties file from class path resource [es.properties]
2017-02-09 15:30:00 1091[main] [INFO] - org.elasticsearch.plugins -org.elasticsearch.plugins.PluginsService.<init>(PluginsService.java:151) -[Spirit of '76] loaded [], sites []
2017-02-09 15:30:01 1644[Thread-1] [INFO] - org.springframework.context.support.GenericApplicationContext -org.springframework.context.support.AbstractApplicationContext.doClose(AbstractApplicationContext.java:875) -Closing org.springframework.context.support.GenericApplicationContext@c3b626c: startup date [Thu Feb 09 15:30:00 CST 2017]; root of context hierarchy
2017-02-09 15:31:09 0[main] [INFO] - org.springframework.beans.factory.xml.XmlBeanDefinitionReader -org.springframework.beans.factory.xml.XmlBeanDefinitionReader.loadBeanDefinitions(XmlBeanDefinitionReader.java:316) -Loading XML bean definitions from class path resource [applicationContext.xml]
2017-02-09 15:31:09 336[main] [INFO] - org.springframework.context.support.GenericApplicationContext -org.springframework.context.support.AbstractApplicationContext.prepareRefresh(AbstractApplicationContext.java:515) -Refreshing org.springframework.context.support.GenericApplicationContext@c3b626c: startup date [Thu Feb 09 15:31:09 CST 2017]; root of context hierarchy
2017-02-09 15:31:10 797[main] [INFO] - org.springframework.beans.factory.config.PropertiesFactoryBean -org.springframework.core.io.support.PropertiesLoaderSupport.loadProperties(PropertiesLoaderSupport.java:172) -Loading properties file from class path resource [es.properties]
2017-02-09 15:31:10 1245[main] [INFO] - org.elasticsearch.plugins -org.elasticsearch.plugins.PluginsService.<init>(PluginsService.java:151) -[Live Wire] loaded [], sites []
2017-02-09 15:31:11 1866[Thread-1] [INFO] - org.springframework.context.support.GenericApplicationContext -org.springframework.context.support.AbstractApplicationContext.doClose(AbstractApplicationContext.java:875) -Closing org.springframework.context.support.GenericApplicationContext@c3b626c: startup date [Thu Feb 09 15:31:09 CST 2017]; root of context hierarchy
2017-02-09 15:33:45 1[main] [INFO] - org.springframework.beans.factory.xml.XmlBeanDefinitionReader -org.springframework.beans.factory.xml.XmlBeanDefinitionReader.loadBeanDefinitions(XmlBeanDefinitionReader.java:316) -Loading XML bean definitions from class path resource [applicationContext.xml]
2017-02-09 15:33:46 283[main] [INFO] - org.springframework.context.support.GenericApplicationContext -org.springframework.context.support.AbstractApplicationContext.prepareRefresh(AbstractApplicationContext.java:515) -Refreshing org.springframework.context.support.GenericApplicationContext@4e88151c: startup date [Thu Feb 09 15:33:46 CST 2017]; root of context hierarchy
2017-02-09 15:33:46 637[main] [INFO] - org.springframework.beans.factory.config.PropertiesFactoryBean -org.springframework.core.io.support.PropertiesLoaderSupport.loadProperties(PropertiesLoaderSupport.java:172) -Loading properties file from class path resource [es.properties]
2017-02-09 15:33:46 1034[main] [INFO] - org.elasticsearch.plugins -org.elasticsearch.plugins.PluginsService.<init>(PluginsService.java:151) -[Mystique] loaded [], sites []
2017-02-09 15:33:47 2059[Thread-1] [INFO] - org.springframework.context.support.GenericApplicationContext -org.springframework.context.support.AbstractApplicationContext.doClose(AbstractApplicationContext.java:875) -Closing org.springframework.context.support.GenericApplicationContext@4e88151c: startup date [Thu Feb 09 15:33:46 CST 2017]; root of context hierarchy
2017-02-09 15:33:56 0[main] [INFO] - org.springframework.beans.factory.xml.XmlBeanDefinitionReader -org.springframework.beans.factory.xml.XmlBeanDefinitionReader.loadBeanDefinitions(XmlBeanDefinitionReader.java:316) -Loading XML bean definitions from class path resource [applicationContext.xml]
2017-02-09 15:33:56 296[main] [INFO] - org.springframework.context.support.GenericApplicationContext -org.springframework.context.support.AbstractApplicationContext.prepareRefresh(AbstractApplicationContext.java:515) -Refreshing org.springframework.context.support.GenericApplicationContext@c3b626c: startup date [Thu Feb 09 15:33:56 CST 2017]; root of context hierarchy
2017-02-09 15:33:57 710[main] [INFO] - org.springframework.beans.factory.config.PropertiesFactoryBean -org.springframework.core.io.support.PropertiesLoaderSupport.loadProperties(PropertiesLoaderSupport.java:172) -Loading properties file from class path resource [es.properties]
2017-02-09 15:33:57 1109[main] [INFO] - org.elasticsearch.plugins -org.elasticsearch.plugins.PluginsService.<init>(PluginsService.java:151) -[Barbarus] loaded [], sites []
2017-02-09 15:33:58 2039[Thread-1] [INFO] - org.springframework.context.support.GenericApplicationContext -org.springframework.context.support.AbstractApplicationContext.doClose(AbstractApplicationContext.java:875) -Closing org.springframework.context.support.GenericApplicationContext@c3b626c: startup date [Thu Feb 09 15:33:56 CST 2017]; root of context hierarchy
2017-02-09 15:34:34 0[main] [INFO] - org.springframework.beans.factory.xml.XmlBeanDefinitionReader -org.springframework.beans.factory.xml.XmlBeanDefinitionReader.loadBeanDefinitions(XmlBeanDefinitionReader.java:316) -Loading XML bean definitions from class path resource [applicationContext.xml]
2017-02-09 15:34:34 289[main] [INFO] - org.springframework.context.support.GenericApplicationContext -org.springframework.context.support.AbstractApplicationContext.prepareRefresh(AbstractApplicationContext.java:515) -Refreshing org.springframework.context.support.GenericApplicationContext@c3b626c: startup date [Thu Feb 09 15:34:34 CST 2017]; root of context hierarchy
2017-02-09 15:34:34 677[main] [INFO] - org.springframework.beans.factory.config.PropertiesFactoryBean -org.springframework.core.io.support.PropertiesLoaderSupport.loadProperties(PropertiesLoaderSupport.java:172) -Loading properties file from class path resource [es.properties]
2017-02-09 15:34:35 1064[main] [INFO] - org.elasticsearch.plugins -org.elasticsearch.plugins.PluginsService.<init>(PluginsService.java:151) -[Conquistador] loaded [], sites []
2017-02-09 15:34:36 2010[Thread-1] [INFO] - org.springframework.context.support.GenericApplicationContext -org.springframework.context.support.AbstractApplicationContext.doClose(AbstractApplicationContext.java:875) -Closing org.springframework.context.support.GenericApplicationContext@c3b626c: startup date [Thu Feb 09 15:34:34 CST 2017]; root of context hierarchy
